

Started GET "/property/index?id=50" for ::1 at 2016-05-08 12:45:49 -0500

ActiveRecord::NoDatabaseError (FATAL:  database "buildout-api-challenge_development" does not exist
):
  activerecord (4.2.6) lib/active_record/connection_adapters/postgresql_adapter.rb:661:in `rescue in connect'
  activerecord (4.2.6) lib/active_record/connection_adapters/postgresql_adapter.rb:651:in `connect'
  activerecord (4.2.6) lib/active_record/connection_adapters/postgresql_adapter.rb:242:in `initialize'
  activerecord (4.2.6) lib/active_record/connection_adapters/postgresql_adapter.rb:44:in `new'
  activerecord (4.2.6) lib/active_record/connection_adapters/postgresql_adapter.rb:44:in `postgresql_connection'
  activerecord (4.2.6) lib/active_record/connection_adapters/abstract/connection_pool.rb:438:in `new_connection'
  activerecord (4.2.6) lib/active_record/connection_adapters/abstract/connection_pool.rb:448:in `checkout_new_connection'
  activerecord (4.2.6) lib/active_record/connection_adapters/abstract/connection_pool.rb:422:in `acquire_connection'
  activerecord (4.2.6) lib/active_record/connection_adapters/abstract/connection_pool.rb:349:in `block in checkout'
  /Users/kurtschlueter/.rbenv/versions/2.2.1/lib/ruby/2.2.0/monitor.rb:211:in `mon_synchronize'
  activerecord (4.2.6) lib/active_record/connection_adapters/abstract/connection_pool.rb:348:in `checkout'
  activerecord (4.2.6) lib/active_record/connection_adapters/abstract/connection_pool.rb:263:in `block in connection'
  /Users/kurtschlueter/.rbenv/versions/2.2.1/lib/ruby/2.2.0/monitor.rb:211:in `mon_synchronize'
  activerecord (4.2.6) lib/active_record/connection_adapters/abstract/connection_pool.rb:262:in `connection'
  activerecord (4.2.6) lib/active_record/connection_adapters/abstract/connection_pool.rb:571:in `retrieve_connection'
  activerecord (4.2.6) lib/active_record/connection_handling.rb:113:in `retrieve_connection'
  activerecord (4.2.6) lib/active_record/connection_handling.rb:87:in `connection'
  activerecord (4.2.6) lib/active_record/migration.rb:383:in `connection'
  activerecord (4.2.6) lib/active_record/migration.rb:370:in `call'
  actionpack (4.2.6) lib/action_dispatch/middleware/callbacks.rb:29:in `block in call'
  activesupport (4.2.6) lib/active_support/callbacks.rb:88:in `__run_callbacks__'
  activesupport (4.2.6) lib/active_support/callbacks.rb:778:in `_run_call_callbacks'
  activesupport (4.2.6) lib/active_support/callbacks.rb:81:in `run_callbacks'
  actionpack (4.2.6) lib/action_dispatch/middleware/callbacks.rb:27:in `call'
  actionpack (4.2.6) lib/action_dispatch/middleware/reloader.rb:73:in `call'
  actionpack (4.2.6) lib/action_dispatch/middleware/remote_ip.rb:78:in `call'
  actionpack (4.2.6) lib/action_dispatch/middleware/debug_exceptions.rb:17:in `call'
  web-console (2.3.0) lib/web_console/middleware.rb:28:in `block in call'
  web-console (2.3.0) lib/web_console/middleware.rb:18:in `catch'
  web-console (2.3.0) lib/web_console/middleware.rb:18:in `call'
  actionpack (4.2.6) lib/action_dispatch/middleware/show_exceptions.rb:30:in `call'
  railties (4.2.6) lib/rails/rack/logger.rb:38:in `call_app'
  railties (4.2.6) lib/rails/rack/logger.rb:20:in `block in call'
  activesupport (4.2.6) lib/active_support/tagged_logging.rb:68:in `block in tagged'
  activesupport (4.2.6) lib/active_support/tagged_logging.rb:26:in `tagged'
  activesupport (4.2.6) lib/active_support/tagged_logging.rb:68:in `tagged'
  railties (4.2.6) lib/rails/rack/logger.rb:20:in `call'
  actionpack (4.2.6) lib/action_dispatch/middleware/request_id.rb:21:in `call'
  rack (1.6.4) lib/rack/methodoverride.rb:22:in `call'
  rack (1.6.4) lib/rack/runtime.rb:18:in `call'
  activesupport (4.2.6) lib/active_support/cache/strategy/local_cache_middleware.rb:28:in `call'
  rack (1.6.4) lib/rack/lock.rb:17:in `call'
  actionpack (4.2.6) lib/action_dispatch/middleware/static.rb:120:in `call'
  rack (1.6.4) lib/rack/sendfile.rb:113:in `call'
  railties (4.2.6) lib/rails/engine.rb:518:in `call'
  railties (4.2.6) lib/rails/application.rb:165:in `call'
  rack (1.6.4) lib/rack/lock.rb:17:in `call'
  rack (1.6.4) lib/rack/content_length.rb:15:in `call'
  rack (1.6.4) lib/rack/handler/webrick.rb:88:in `service'
  /Users/kurtschlueter/.rbenv/versions/2.2.1/lib/ruby/2.2.0/webrick/httpserver.rb:138:in `service'
  /Users/kurtschlueter/.rbenv/versions/2.2.1/lib/ruby/2.2.0/webrick/httpserver.rb:94:in `run'
  /Users/kurtschlueter/.rbenv/versions/2.2.1/lib/ruby/2.2.0/webrick/server.rb:294:in `block in start_thread'


  Rendered /Users/kurtschlueter/.rbenv/versions/2.2.1/lib/ruby/gems/2.2.0/gems/actionpack-4.2.6/lib/action_dispatch/middleware/templates/rescues/_source.erb (2.8ms)
  Rendered /Users/kurtschlueter/.rbenv/versions/2.2.1/lib/ruby/gems/2.2.0/gems/actionpack-4.2.6/lib/action_dispatch/middleware/templates/rescues/_trace.html.erb (1.7ms)
  Rendered /Users/kurtschlueter/.rbenv/versions/2.2.1/lib/ruby/gems/2.2.0/gems/actionpack-4.2.6/lib/action_dispatch/middleware/templates/rescues/_request_and_response.html.erb (1.1ms)
  Rendered /Users/kurtschlueter/.rbenv/versions/2.2.1/lib/ruby/gems/2.2.0/gems/actionpack-4.2.6/lib/action_dispatch/middleware/templates/rescues/diagnostics.html.erb within rescues/layout (61.8ms)
  Rendered /Users/kurtschlueter/.rbenv/versions/2.2.1/lib/ruby/gems/2.2.0/gems/web-console-2.3.0/lib/web_console/templates/_markup.html.erb (0.4ms)
  Rendered /Users/kurtschlueter/.rbenv/versions/2.2.1/lib/ruby/gems/2.2.0/gems/web-console-2.3.0/lib/web_console/templates/_inner_console_markup.html.erb within layouts/inlined_string (0.4ms)
  Rendered /Users/kurtschlueter/.rbenv/versions/2.2.1/lib/ruby/gems/2.2.0/gems/web-console-2.3.0/lib/web_console/templates/_prompt_box_markup.html.erb within layouts/inlined_string (0.3ms)
  Rendered /Users/kurtschlueter/.rbenv/versions/2.2.1/lib/ruby/gems/2.2.0/gems/web-console-2.3.0/lib/web_console/templates/style.css.erb within layouts/inlined_string (0.3ms)
  Rendered /Users/kurtschlueter/.rbenv/versions/2.2.1/lib/ruby/gems/2.2.0/gems/web-console-2.3.0/lib/web_console/templates/console.js.erb within layouts/javascript (66.0ms)
  Rendered /Users/kurtschlueter/.rbenv/versions/2.2.1/lib/ruby/gems/2.2.0/gems/web-console-2.3.0/lib/web_console/templates/main.js.erb within layouts/javascript (0.5ms)
  Rendered /Users/kurtschlueter/.rbenv/versions/2.2.1/lib/ruby/gems/2.2.0/gems/web-console-2.3.0/lib/web_console/templates/error_page.js.erb within layouts/javascript (0.4ms)
  Rendered /Users/kurtschlueter/.rbenv/versions/2.2.1/lib/ruby/gems/2.2.0/gems/web-console-2.3.0/lib/web_console/templates/index.html.erb (148.6ms)


Started GET "/property/index?id=50" for ::1 at 2016-05-08 12:46:20 -0500

ActionController::RoutingError (No route matches [GET] "/property/index"):
  actionpack (4.2.6) lib/action_dispatch/middleware/debug_exceptions.rb:21:in `call'
  web-console (2.3.0) lib/web_console/middleware.rb:28:in `block in call'
  web-console (2.3.0) lib/web_console/middleware.rb:18:in `catch'
  web-console (2.3.0) lib/web_console/middleware.rb:18:in `call'
  actionpack (4.2.6) lib/action_dispatch/middleware/show_exceptions.rb:30:in `call'
  railties (4.2.6) lib/rails/rack/logger.rb:38:in `call_app'
  railties (4.2.6) lib/rails/rack/logger.rb:20:in `block in call'
  activesupport (4.2.6) lib/active_support/tagged_logging.rb:68:in `block in tagged'
  activesupport (4.2.6) lib/active_support/tagged_logging.rb:26:in `tagged'
  activesupport (4.2.6) lib/active_support/tagged_logging.rb:68:in `tagged'
  railties (4.2.6) lib/rails/rack/logger.rb:20:in `call'
  actionpack (4.2.6) lib/action_dispatch/middleware/request_id.rb:21:in `call'
  rack (1.6.4) lib/rack/methodoverride.rb:22:in `call'
  rack (1.6.4) lib/rack/runtime.rb:18:in `call'
  activesupport (4.2.6) lib/active_support/cache/strategy/local_cache_middleware.rb:28:in `call'
  rack (1.6.4) lib/rack/lock.rb:17:in `call'
  actionpack (4.2.6) lib/action_dispatch/middleware/static.rb:120:in `call'
  rack (1.6.4) lib/rack/sendfile.rb:113:in `call'
  railties (4.2.6) lib/rails/engine.rb:518:in `call'
  railties (4.2.6) lib/rails/application.rb:165:in `call'
  rack (1.6.4) lib/rack/lock.rb:17:in `call'
  rack (1.6.4) lib/rack/content_length.rb:15:in `call'
  rack (1.6.4) lib/rack/handler/webrick.rb:88:in `service'
  /Users/kurtschlueter/.rbenv/versions/2.2.1/lib/ruby/2.2.0/webrick/httpserver.rb:138:in `service'
  /Users/kurtschlueter/.rbenv/versions/2.2.1/lib/ruby/2.2.0/webrick/httpserver.rb:94:in `run'
  /Users/kurtschlueter/.rbenv/versions/2.2.1/lib/ruby/2.2.0/webrick/server.rb:294:in `block in start_thread'


  Rendered /Users/kurtschlueter/.rbenv/versions/2.2.1/lib/ruby/gems/2.2.0/gems/actionpack-4.2.6/lib/action_dispatch/middleware/templates/rescues/_trace.html.erb (1.1ms)
  Rendered /Users/kurtschlueter/.rbenv/versions/2.2.1/lib/ruby/gems/2.2.0/gems/actionpack-4.2.6/lib/action_dispatch/middleware/templates/routes/_table.html.erb (10.5ms)
  Rendered /Users/kurtschlueter/.rbenv/versions/2.2.1/lib/ruby/gems/2.2.0/gems/actionpack-4.2.6/lib/action_dispatch/middleware/templates/rescues/_request_and_response.html.erb (7.8ms)
  Rendered /Users/kurtschlueter/.rbenv/versions/2.2.1/lib/ruby/gems/2.2.0/gems/actionpack-4.2.6/lib/action_dispatch/middleware/templates/rescues/routing_error.html.erb within rescues/layout (69.3ms)
  Rendered /Users/kurtschlueter/.rbenv/versions/2.2.1/lib/ruby/gems/2.2.0/gems/web-console-2.3.0/lib/web_console/templates/_markup.html.erb (0.3ms)
  Rendered /Users/kurtschlueter/.rbenv/versions/2.2.1/lib/ruby/gems/2.2.0/gems/web-console-2.3.0/lib/web_console/templates/_inner_console_markup.html.erb within layouts/inlined_string (0.2ms)
  Rendered /Users/kurtschlueter/.rbenv/versions/2.2.1/lib/ruby/gems/2.2.0/gems/web-console-2.3.0/lib/web_console/templates/_prompt_box_markup.html.erb within layouts/inlined_string (0.2ms)
  Rendered /Users/kurtschlueter/.rbenv/versions/2.2.1/lib/ruby/gems/2.2.0/gems/web-console-2.3.0/lib/web_console/templates/style.css.erb within layouts/inlined_string (0.2ms)
  Rendered /Users/kurtschlueter/.rbenv/versions/2.2.1/lib/ruby/gems/2.2.0/gems/web-console-2.3.0/lib/web_console/templates/console.js.erb within layouts/javascript (45.0ms)
  Rendered /Users/kurtschlueter/.rbenv/versions/2.2.1/lib/ruby/gems/2.2.0/gems/web-console-2.3.0/lib/web_console/templates/main.js.erb within layouts/javascript (0.2ms)
  Rendered /Users/kurtschlueter/.rbenv/versions/2.2.1/lib/ruby/gems/2.2.0/gems/web-console-2.3.0/lib/web_console/templates/error_page.js.erb within layouts/javascript (0.3ms)
  Rendered /Users/kurtschlueter/.rbenv/versions/2.2.1/lib/ruby/gems/2.2.0/gems/web-console-2.3.0/lib/web_console/templates/index.html.erb (104.2ms)


Started GET "/property/index?id=50" for ::1 at 2016-05-08 12:47:29 -0500

ActionController::RoutingError (No route matches [GET] "/property/index"):
  actionpack (4.2.6) lib/action_dispatch/middleware/debug_exceptions.rb:21:in `call'
  web-console (2.3.0) lib/web_console/middleware.rb:28:in `block in call'
  web-console (2.3.0) lib/web_console/middleware.rb:18:in `catch'
  web-console (2.3.0) lib/web_console/middleware.rb:18:in `call'
  actionpack (4.2.6) lib/action_dispatch/middleware/show_exceptions.rb:30:in `call'
  railties (4.2.6) lib/rails/rack/logger.rb:38:in `call_app'
  railties (4.2.6) lib/rails/rack/logger.rb:20:in `block in call'
  activesupport (4.2.6) lib/active_support/tagged_logging.rb:68:in `block in tagged'
  activesupport (4.2.6) lib/active_support/tagged_logging.rb:26:in `tagged'
  activesupport (4.2.6) lib/active_support/tagged_logging.rb:68:in `tagged'
  railties (4.2.6) lib/rails/rack/logger.rb:20:in `call'
  actionpack (4.2.6) lib/action_dispatch/middleware/request_id.rb:21:in `call'
  rack (1.6.4) lib/rack/methodoverride.rb:22:in `call'
  rack (1.6.4) lib/rack/runtime.rb:18:in `call'
  activesupport (4.2.6) lib/active_support/cache/strategy/local_cache_middleware.rb:28:in `call'
  rack (1.6.4) lib/rack/lock.rb:17:in `call'
  actionpack (4.2.6) lib/action_dispatch/middleware/static.rb:120:in `call'
  rack (1.6.4) lib/rack/sendfile.rb:113:in `call'
  railties (4.2.6) lib/rails/engine.rb:518:in `call'
  railties (4.2.6) lib/rails/application.rb:165:in `call'
  rack (1.6.4) lib/rack/lock.rb:17:in `call'
  rack (1.6.4) lib/rack/content_length.rb:15:in `call'
  rack (1.6.4) lib/rack/handler/webrick.rb:88:in `service'
  /Users/kurtschlueter/.rbenv/versions/2.2.1/lib/ruby/2.2.0/webrick/httpserver.rb:138:in `service'
  /Users/kurtschlueter/.rbenv/versions/2.2.1/lib/ruby/2.2.0/webrick/httpserver.rb:94:in `run'
  /Users/kurtschlueter/.rbenv/versions/2.2.1/lib/ruby/2.2.0/webrick/server.rb:294:in `block in start_thread'


  Rendered /Users/kurtschlueter/.rbenv/versions/2.2.1/lib/ruby/gems/2.2.0/gems/actionpack-4.2.6/lib/action_dispatch/middleware/templates/rescues/_trace.html.erb (1.1ms)
  Rendered /Users/kurtschlueter/.rbenv/versions/2.2.1/lib/ruby/gems/2.2.0/gems/actionpack-4.2.6/lib/action_dispatch/middleware/templates/routes/_table.html.erb (1.1ms)
  Rendered /Users/kurtschlueter/.rbenv/versions/2.2.1/lib/ruby/gems/2.2.0/gems/actionpack-4.2.6/lib/action_dispatch/middleware/templates/rescues/_request_and_response.html.erb (1.1ms)
  Rendered /Users/kurtschlueter/.rbenv/versions/2.2.1/lib/ruby/gems/2.2.0/gems/actionpack-4.2.6/lib/action_dispatch/middleware/templates/rescues/routing_error.html.erb within rescues/layout (58.9ms)
  Rendered /Users/kurtschlueter/.rbenv/versions/2.2.1/lib/ruby/gems/2.2.0/gems/web-console-2.3.0/lib/web_console/templates/_markup.html.erb (0.3ms)
  Rendered /Users/kurtschlueter/.rbenv/versions/2.2.1/lib/ruby/gems/2.2.0/gems/web-console-2.3.0/lib/web_console/templates/_inner_console_markup.html.erb within layouts/inlined_string (0.2ms)
  Rendered /Users/kurtschlueter/.rbenv/versions/2.2.1/lib/ruby/gems/2.2.0/gems/web-console-2.3.0/lib/web_console/templates/_prompt_box_markup.html.erb within layouts/inlined_string (0.2ms)
  Rendered /Users/kurtschlueter/.rbenv/versions/2.2.1/lib/ruby/gems/2.2.0/gems/web-console-2.3.0/lib/web_console/templates/style.css.erb within layouts/inlined_string (0.2ms)
  Rendered /Users/kurtschlueter/.rbenv/versions/2.2.1/lib/ruby/gems/2.2.0/gems/web-console-2.3.0/lib/web_console/templates/console.js.erb within layouts/javascript (47.3ms)
  Rendered /Users/kurtschlueter/.rbenv/versions/2.2.1/lib/ruby/gems/2.2.0/gems/web-console-2.3.0/lib/web_console/templates/main.js.erb within layouts/javascript (0.4ms)
  Rendered /Users/kurtschlueter/.rbenv/versions/2.2.1/lib/ruby/gems/2.2.0/gems/web-console-2.3.0/lib/web_console/templates/error_page.js.erb within layouts/javascript (0.3ms)
  Rendered /Users/kurtschlueter/.rbenv/versions/2.2.1/lib/ruby/gems/2.2.0/gems/web-console-2.3.0/lib/web_console/templates/index.html.erb (115.2ms)


Started GET "/property/index?id=50" for ::1 at 2016-05-08 12:47:31 -0500

ActionController::RoutingError (No route matches [GET] "/property/index"):
  actionpack (4.2.6) lib/action_dispatch/middleware/debug_exceptions.rb:21:in `call'
  web-console (2.3.0) lib/web_console/middleware.rb:28:in `block in call'
  web-console (2.3.0) lib/web_console/middleware.rb:18:in `catch'
  web-console (2.3.0) lib/web_console/middleware.rb:18:in `call'
  actionpack (4.2.6) lib/action_dispatch/middleware/show_exceptions.rb:30:in `call'
  railties (4.2.6) lib/rails/rack/logger.rb:38:in `call_app'
  railties (4.2.6) lib/rails/rack/logger.rb:20:in `block in call'
  activesupport (4.2.6) lib/active_support/tagged_logging.rb:68:in `block in tagged'
  activesupport (4.2.6) lib/active_support/tagged_logging.rb:26:in `tagged'
  activesupport (4.2.6) lib/active_support/tagged_logging.rb:68:in `tagged'
  railties (4.2.6) lib/rails/rack/logger.rb:20:in `call'
  actionpack (4.2.6) lib/action_dispatch/middleware/request_id.rb:21:in `call'
  rack (1.6.4) lib/rack/methodoverride.rb:22:in `call'
  rack (1.6.4) lib/rack/runtime.rb:18:in `call'
  activesupport (4.2.6) lib/active_support/cache/strategy/local_cache_middleware.rb:28:in `call'
  rack (1.6.4) lib/rack/lock.rb:17:in `call'
  actionpack (4.2.6) lib/action_dispatch/middleware/static.rb:120:in `call'
  rack (1.6.4) lib/rack/sendfile.rb:113:in `call'
  railties (4.2.6) lib/rails/engine.rb:518:in `call'
  railties (4.2.6) lib/rails/application.rb:165:in `call'
  rack (1.6.4) lib/rack/lock.rb:17:in `call'
  rack (1.6.4) lib/rack/content_length.rb:15:in `call'
  rack (1.6.4) lib/rack/handler/webrick.rb:88:in `service'
  /Users/kurtschlueter/.rbenv/versions/2.2.1/lib/ruby/2.2.0/webrick/httpserver.rb:138:in `service'
  /Users/kurtschlueter/.rbenv/versions/2.2.1/lib/ruby/2.2.0/webrick/httpserver.rb:94:in `run'
  /Users/kurtschlueter/.rbenv/versions/2.2.1/lib/ruby/2.2.0/webrick/server.rb:294:in `block in start_thread'


  Rendered /Users/kurtschlueter/.rbenv/versions/2.2.1/lib/ruby/gems/2.2.0/gems/actionpack-4.2.6/lib/action_dispatch/middleware/templates/rescues/_trace.html.erb (1.2ms)
  Rendered /Users/kurtschlueter/.rbenv/versions/2.2.1/lib/ruby/gems/2.2.0/gems/actionpack-4.2.6/lib/action_dispatch/middleware/templates/routes/_table.html.erb (1.2ms)
  Rendered /Users/kurtschlueter/.rbenv/versions/2.2.1/lib/ruby/gems/2.2.0/gems/actionpack-4.2.6/lib/action_dispatch/middleware/templates/rescues/_request_and_response.html.erb (1.4ms)
  Rendered /Users/kurtschlueter/.rbenv/versions/2.2.1/lib/ruby/gems/2.2.0/gems/actionpack-4.2.6/lib/action_dispatch/middleware/templates/rescues/routing_error.html.erb within rescues/layout (55.9ms)
  Rendered /Users/kurtschlueter/.rbenv/versions/2.2.1/lib/ruby/gems/2.2.0/gems/web-console-2.3.0/lib/web_console/templates/_markup.html.erb (0.3ms)
  Rendered /Users/kurtschlueter/.rbenv/versions/2.2.1/lib/ruby/gems/2.2.0/gems/web-console-2.3.0/lib/web_console/templates/_inner_console_markup.html.erb within layouts/inlined_string (0.3ms)
  Rendered /Users/kurtschlueter/.rbenv/versions/2.2.1/lib/ruby/gems/2.2.0/gems/web-console-2.3.0/lib/web_console/templates/_prompt_box_markup.html.erb within layouts/inlined_string (0.2ms)
  Rendered /Users/kurtschlueter/.rbenv/versions/2.2.1/lib/ruby/gems/2.2.0/gems/web-console-2.3.0/lib/web_console/templates/style.css.erb within layouts/inlined_string (0.2ms)
  Rendered /Users/kurtschlueter/.rbenv/versions/2.2.1/lib/ruby/gems/2.2.0/gems/web-console-2.3.0/lib/web_console/templates/console.js.erb within layouts/javascript (50.8ms)
  Rendered /Users/kurtschlueter/.rbenv/versions/2.2.1/lib/ruby/gems/2.2.0/gems/web-console-2.3.0/lib/web_console/templates/main.js.erb within layouts/javascript (0.4ms)
  Rendered /Users/kurtschlueter/.rbenv/versions/2.2.1/lib/ruby/gems/2.2.0/gems/web-console-2.3.0/lib/web_console/templates/error_page.js.erb within layouts/javascript (0.3ms)
  Rendered /Users/kurtschlueter/.rbenv/versions/2.2.1/lib/ruby/gems/2.2.0/gems/web-console-2.3.0/lib/web_console/templates/index.html.erb (120.7ms)


Started GET "/" for ::1 at 2016-05-08 12:47:34 -0500
Processing by Rails::WelcomeController#index as HTML
  Rendered /Users/kurtschlueter/.rbenv/versions/2.2.1/lib/ruby/gems/2.2.0/gems/railties-4.2.6/lib/rails/templates/rails/welcome/index.html.erb (0.6ms)
Completed 200 OK in 5ms (Views: 4.9ms | ActiveRecord: 0.0ms)


Started GET "/" for ::1 at 2016-05-08 12:47:47 -0500
Processing by Rails::WelcomeController#index as HTML
  Rendered /Users/kurtschlueter/.rbenv/versions/2.2.1/lib/ruby/gems/2.2.0/gems/railties-4.2.6/lib/rails/templates/rails/welcome/index.html.erb (0.0ms)
Completed 200 OK in 3ms (Views: 2.3ms | ActiveRecord: 0.0ms)


Started GET "/" for ::1 at 2016-05-08 12:47:55 -0500
Processing by Rails::WelcomeController#index as HTML
  Rendered /Users/kurtschlueter/.rbenv/versions/2.2.1/lib/ruby/gems/2.2.0/gems/railties-4.2.6/lib/rails/templates/rails/welcome/index.html.erb (0.0ms)
Completed 200 OK in 2ms (Views: 1.8ms | ActiveRecord: 0.0ms)


Started GET "/" for ::1 at 2016-05-08 12:47:57 -0500
Processing by Rails::WelcomeController#index as HTML
  Rendered /Users/kurtschlueter/.rbenv/versions/2.2.1/lib/ruby/gems/2.2.0/gems/railties-4.2.6/lib/rails/templates/rails/welcome/index.html.erb (0.0ms)
Completed 200 OK in 2ms (Views: 2.0ms | ActiveRecord: 0.0ms)


Started GET "/" for ::1 at 2016-05-08 12:47:58 -0500
Processing by Rails::WelcomeController#index as HTML
  Rendered /Users/kurtschlueter/.rbenv/versions/2.2.1/lib/ruby/gems/2.2.0/gems/railties-4.2.6/lib/rails/templates/rails/welcome/index.html.erb (0.0ms)
Completed 200 OK in 2ms (Views: 1.9ms | ActiveRecord: 0.0ms)


Started GET "/" for ::1 at 2016-05-08 12:48:03 -0500
Processing by Rails::WelcomeController#index as HTML
  Rendered /Users/kurtschlueter/.rbenv/versions/2.2.1/lib/ruby/gems/2.2.0/gems/railties-4.2.6/lib/rails/templates/rails/welcome/index.html.erb (0.0ms)
Completed 200 OK in 2ms (Views: 1.6ms | ActiveRecord: 0.0ms)


Started GET "/" for ::1 at 2016-05-08 12:48:10 -0500
Processing by Rails::WelcomeController#index as HTML
  Rendered /Users/kurtschlueter/.rbenv/versions/2.2.1/lib/ruby/gems/2.2.0/gems/railties-4.2.6/lib/rails/templates/rails/welcome/index.html.erb (0.1ms)
Completed 200 OK in 3ms (Views: 3.1ms | ActiveRecord: 0.0ms)


Started GET "/" for ::1 at 2016-05-08 12:54:51 -0500
Processing by PropertiesController#index as HTML
  Rendered properties/index.html.erb within layouts/application (2.6ms)
Completed 500 Internal Server Error in 3079ms (ActiveRecord: 0.0ms)

ActionView::Template::Error (undefined method `each' for nil:NilClass):
    1: <% @properties.each do |property| %>
    2:   <div class="grid-sizer"></div>
    3:   <div class="individual-prop grid-item">
    4:     <h2> <%= link_to property["sale_title"], "property/index?id=" + property['id'].to_s %></h2>
  app/views/properties/index.html.erb:1:in `_app_views_properties_index_html_erb___4158792235793057071_70103518845260'


  Rendered /Users/kurtschlueter/.rbenv/versions/2.2.1/lib/ruby/gems/2.2.0/gems/actionpack-4.2.6/lib/action_dispatch/middleware/templates/rescues/_source.erb (6.4ms)
  Rendered /Users/kurtschlueter/.rbenv/versions/2.2.1/lib/ruby/gems/2.2.0/gems/actionpack-4.2.6/lib/action_dispatch/middleware/templates/rescues/_trace.html.erb (3.5ms)
  Rendered /Users/kurtschlueter/.rbenv/versions/2.2.1/lib/ruby/gems/2.2.0/gems/actionpack-4.2.6/lib/action_dispatch/middleware/templates/rescues/_request_and_response.html.erb (1.6ms)
  Rendered /Users/kurtschlueter/.rbenv/versions/2.2.1/lib/ruby/gems/2.2.0/gems/actionpack-4.2.6/lib/action_dispatch/middleware/templates/rescues/template_error.html.erb within rescues/layout (69.5ms)
  Rendered /Users/kurtschlueter/.rbenv/versions/2.2.1/lib/ruby/gems/2.2.0/gems/web-console-2.3.0/lib/web_console/templates/_markup.html.erb (1.2ms)
  Rendered /Users/kurtschlueter/.rbenv/versions/2.2.1/lib/ruby/gems/2.2.0/gems/web-console-2.3.0/lib/web_console/templates/_inner_console_markup.html.erb within layouts/inlined_string (0.5ms)
  Rendered /Users/kurtschlueter/.rbenv/versions/2.2.1/lib/ruby/gems/2.2.0/gems/web-console-2.3.0/lib/web_console/templates/_prompt_box_markup.html.erb within layouts/inlined_string (0.3ms)
  Rendered /Users/kurtschlueter/.rbenv/versions/2.2.1/lib/ruby/gems/2.2.0/gems/web-console-2.3.0/lib/web_console/templates/style.css.erb within layouts/inlined_string (0.3ms)
  Rendered /Users/kurtschlueter/.rbenv/versions/2.2.1/lib/ruby/gems/2.2.0/gems/web-console-2.3.0/lib/web_console/templates/console.js.erb within layouts/javascript (59.7ms)
  Rendered /Users/kurtschlueter/.rbenv/versions/2.2.1/lib/ruby/gems/2.2.0/gems/web-console-2.3.0/lib/web_console/templates/main.js.erb within layouts/javascript (0.4ms)
  Rendered /Users/kurtschlueter/.rbenv/versions/2.2.1/lib/ruby/gems/2.2.0/gems/web-console-2.3.0/lib/web_console/templates/error_page.js.erb within layouts/javascript (0.7ms)
  Rendered /Users/kurtschlueter/.rbenv/versions/2.2.1/lib/ruby/gems/2.2.0/gems/web-console-2.3.0/lib/web_console/templates/index.html.erb (130.7ms)


Started GET "/" for ::1 at 2016-05-08 12:56:34 -0500
Processing by PropertiesController#index as HTML
  Rendered properties/index.html.erb within layouts/application (0.7ms)
Completed 200 OK in 2775ms (Views: 256.3ms | ActiveRecord: 0.0ms)


Started GET "/assets/properties.self-e3b0c44298fc1c149afbf4c8996fb92427ae41e4649b934ca495991b7852b855.css?body=1" for ::1 at 2016-05-08 12:56:37 -0500


Started GET "/assets/application.self-e80e8f2318043e8af94dddc2adad5a4f09739a8ebb323b3ab31cd71d45fd9113.css?body=1" for ::1 at 2016-05-08 12:56:37 -0500


Started GET "/assets/application.self-ce587aab2d58b4d837386735a4d3599b5d2348d1d6ebef238b9df563d491a788.js?body=1" for ::1 at 2016-05-08 12:56:37 -0500


Started GET "/" for ::1 at 2016-05-08 12:59:13 -0500
Processing by PropertiesController#index as HTML
  Rendered properties/index.html.erb within layouts/application (0.8ms)
Completed 200 OK in 2535ms (Views: 24.1ms | ActiveRecord: 0.0ms)


Started GET "/assets/application.self-ce587aab2d58b4d837386735a4d3599b5d2348d1d6ebef238b9df563d491a788.js?body=1" for ::1 at 2016-05-08 12:59:16 -0500


Started GET "/assets/application.self-369dab67b4206a0982b70be86e4f6d2ec80559a3ebd1ac49db879beca29d8e3a.css?body=1" for ::1 at 2016-05-08 12:59:16 -0500


Started GET "/" for ::1 at 2016-05-08 13:01:15 -0500
Processing by PropertiesController#index as HTML
  Rendered properties/index.html.erb within layouts/application (2.4ms)
Completed 200 OK in 2616ms (Views: 14.4ms | ActiveRecord: 0.0ms)


Started GET "/assets/application.self-ce587aab2d58b4d837386735a4d3599b5d2348d1d6ebef238b9df563d491a788.js?body=1" for ::1 at 2016-05-08 13:01:17 -0500


Started GET "/assets/application.self-369dab67b4206a0982b70be86e4f6d2ec80559a3ebd1ac49db879beca29d8e3a.css?body=1" for ::1 at 2016-05-08 13:01:17 -0500


Started GET "/" for ::1 at 2016-05-08 13:02:12 -0500
Processing by PropertiesController#index as HTML
  Rendered properties/index.html.erb within layouts/application (1.6ms)
Completed 200 OK in 2589ms (Views: 12.4ms | ActiveRecord: 0.0ms)


Started GET "/property/index?id=49" for ::1 at 2016-05-08 13:08:29 -0500

ActionController::RoutingError (No route matches [GET] "/property/index"):
  actionpack (4.2.6) lib/action_dispatch/middleware/debug_exceptions.rb:21:in `call'
  web-console (2.3.0) lib/web_console/middleware.rb:28:in `block in call'
  web-console (2.3.0) lib/web_console/middleware.rb:18:in `catch'
  web-console (2.3.0) lib/web_console/middleware.rb:18:in `call'
  actionpack (4.2.6) lib/action_dispatch/middleware/show_exceptions.rb:30:in `call'
  railties (4.2.6) lib/rails/rack/logger.rb:38:in `call_app'
  railties (4.2.6) lib/rails/rack/logger.rb:20:in `block in call'
  activesupport (4.2.6) lib/active_support/tagged_logging.rb:68:in `block in tagged'
  activesupport (4.2.6) lib/active_support/tagged_logging.rb:26:in `tagged'
  activesupport (4.2.6) lib/active_support/tagged_logging.rb:68:in `tagged'
  railties (4.2.6) lib/rails/rack/logger.rb:20:in `call'
  actionpack (4.2.6) lib/action_dispatch/middleware/request_id.rb:21:in `call'
  rack (1.6.4) lib/rack/methodoverride.rb:22:in `call'
  rack (1.6.4) lib/rack/runtime.rb:18:in `call'
  activesupport (4.2.6) lib/active_support/cache/strategy/local_cache_middleware.rb:28:in `call'
  rack (1.6.4) lib/rack/lock.rb:17:in `call'
  actionpack (4.2.6) lib/action_dispatch/middleware/static.rb:120:in `call'
  rack (1.6.4) lib/rack/sendfile.rb:113:in `call'
  railties (4.2.6) lib/rails/engine.rb:518:in `call'
  railties (4.2.6) lib/rails/application.rb:165:in `call'
  rack (1.6.4) lib/rack/lock.rb:17:in `call'
  rack (1.6.4) lib/rack/content_length.rb:15:in `call'
  rack (1.6.4) lib/rack/handler/webrick.rb:88:in `service'
  /Users/kurtschlueter/.rbenv/versions/2.2.1/lib/ruby/2.2.0/webrick/httpserver.rb:138:in `service'
  /Users/kurtschlueter/.rbenv/versions/2.2.1/lib/ruby/2.2.0/webrick/httpserver.rb:94:in `run'
  /Users/kurtschlueter/.rbenv/versions/2.2.1/lib/ruby/2.2.0/webrick/server.rb:294:in `block in start_thread'


  Rendered /Users/kurtschlueter/.rbenv/versions/2.2.1/lib/ruby/gems/2.2.0/gems/actionpack-4.2.6/lib/action_dispatch/middleware/templates/rescues/_trace.html.erb (1.4ms)
  Rendered /Users/kurtschlueter/.rbenv/versions/2.2.1/lib/ruby/gems/2.2.0/gems/actionpack-4.2.6/lib/action_dispatch/middleware/templates/routes/_route.html.erb (1.2ms)
  Rendered /Users/kurtschlueter/.rbenv/versions/2.2.1/lib/ruby/gems/2.2.0/gems/actionpack-4.2.6/lib/action_dispatch/middleware/templates/routes/_table.html.erb (1.4ms)
  Rendered /Users/kurtschlueter/.rbenv/versions/2.2.1/lib/ruby/gems/2.2.0/gems/actionpack-4.2.6/lib/action_dispatch/middleware/templates/rescues/_request_and_response.html.erb (1.2ms)
  Rendered /Users/kurtschlueter/.rbenv/versions/2.2.1/lib/ruby/gems/2.2.0/gems/actionpack-4.2.6/lib/action_dispatch/middleware/templates/rescues/routing_error.html.erb within rescues/layout (83.9ms)
  Rendered /Users/kurtschlueter/.rbenv/versions/2.2.1/lib/ruby/gems/2.2.0/gems/web-console-2.3.0/lib/web_console/templates/_markup.html.erb (0.3ms)
  Rendered /Users/kurtschlueter/.rbenv/versions/2.2.1/lib/ruby/gems/2.2.0/gems/web-console-2.3.0/lib/web_console/templates/_inner_console_markup.html.erb within layouts/inlined_string (0.3ms)
  Rendered /Users/kurtschlueter/.rbenv/versions/2.2.1/lib/ruby/gems/2.2.0/gems/web-console-2.3.0/lib/web_console/templates/_prompt_box_markup.html.erb within layouts/inlined_string (0.3ms)
  Rendered /Users/kurtschlueter/.rbenv/versions/2.2.1/lib/ruby/gems/2.2.0/gems/web-console-2.3.0/lib/web_console/templates/style.css.erb within layouts/inlined_string (0.3ms)
  Rendered /Users/kurtschlueter/.rbenv/versions/2.2.1/lib/ruby/gems/2.2.0/gems/web-console-2.3.0/lib/web_console/templates/console.js.erb within layouts/javascript (52.4ms)
  Rendered /Users/kurtschlueter/.rbenv/versions/2.2.1/lib/ruby/gems/2.2.0/gems/web-console-2.3.0/lib/web_console/templates/main.js.erb within layouts/javascript (0.2ms)
  Rendered /Users/kurtschlueter/.rbenv/versions/2.2.1/lib/ruby/gems/2.2.0/gems/web-console-2.3.0/lib/web_console/templates/error_page.js.erb within layouts/javascript (0.4ms)
  Rendered /Users/kurtschlueter/.rbenv/versions/2.2.1/lib/ruby/gems/2.2.0/gems/web-console-2.3.0/lib/web_console/templates/index.html.erb (111.9ms)


Started GET "/" for ::1 at 2016-05-08 13:21:45 -0500
Processing by PropertiesController#index as HTML
  Rendered properties/index.html.erb within layouts/application (2.0ms)
Completed 200 OK in 2841ms (Views: 22.1ms | ActiveRecord: 0.0ms)


Started GET "/assets/application.self-369dab67b4206a0982b70be86e4f6d2ec80559a3ebd1ac49db879beca29d8e3a.css?body=1" for ::1 at 2016-05-08 13:21:48 -0500


Started GET "/assets/application.self-ce587aab2d58b4d837386735a4d3599b5d2348d1d6ebef238b9df563d491a788.js?body=1" for ::1 at 2016-05-08 13:21:48 -0500


Started GET "/individualprops/index?id=47" for ::1 at 2016-05-08 13:21:49 -0500

ActionController::RoutingError (No route matches [GET] "/individualprops/index"):
  actionpack (4.2.6) lib/action_dispatch/middleware/debug_exceptions.rb:21:in `call'
  web-console (2.3.0) lib/web_console/middleware.rb:28:in `block in call'
  web-console (2.3.0) lib/web_console/middleware.rb:18:in `catch'
  web-console (2.3.0) lib/web_console/middleware.rb:18:in `call'
  actionpack (4.2.6) lib/action_dispatch/middleware/show_exceptions.rb:30:in `call'
  railties (4.2.6) lib/rails/rack/logger.rb:38:in `call_app'
  railties (4.2.6) lib/rails/rack/logger.rb:20:in `block in call'
  activesupport (4.2.6) lib/active_support/tagged_logging.rb:68:in `block in tagged'
  activesupport (4.2.6) lib/active_support/tagged_logging.rb:26:in `tagged'
  activesupport (4.2.6) lib/active_support/tagged_logging.rb:68:in `tagged'
  railties (4.2.6) lib/rails/rack/logger.rb:20:in `call'
  actionpack (4.2.6) lib/action_dispatch/middleware/request_id.rb:21:in `call'
  rack (1.6.4) lib/rack/methodoverride.rb:22:in `call'
  rack (1.6.4) lib/rack/runtime.rb:18:in `call'
  activesupport (4.2.6) lib/active_support/cache/strategy/local_cache_middleware.rb:28:in `call'
  rack (1.6.4) lib/rack/lock.rb:17:in `call'
  actionpack (4.2.6) lib/action_dispatch/middleware/static.rb:120:in `call'
  rack (1.6.4) lib/rack/sendfile.rb:113:in `call'
  railties (4.2.6) lib/rails/engine.rb:518:in `call'
  railties (4.2.6) lib/rails/application.rb:165:in `call'
  rack (1.6.4) lib/rack/lock.rb:17:in `call'
  rack (1.6.4) lib/rack/content_length.rb:15:in `call'
  rack (1.6.4) lib/rack/handler/webrick.rb:88:in `service'
  /Users/kurtschlueter/.rbenv/versions/2.2.1/lib/ruby/2.2.0/webrick/httpserver.rb:138:in `service'
  /Users/kurtschlueter/.rbenv/versions/2.2.1/lib/ruby/2.2.0/webrick/httpserver.rb:94:in `run'
  /Users/kurtschlueter/.rbenv/versions/2.2.1/lib/ruby/2.2.0/webrick/server.rb:294:in `block in start_thread'


  Rendered /Users/kurtschlueter/.rbenv/versions/2.2.1/lib/ruby/gems/2.2.0/gems/actionpack-4.2.6/lib/action_dispatch/middleware/templates/rescues/_trace.html.erb (1.2ms)
  Rendered /Users/kurtschlueter/.rbenv/versions/2.2.1/lib/ruby/gems/2.2.0/gems/actionpack-4.2.6/lib/action_dispatch/middleware/templates/routes/_route.html.erb (0.7ms)
  Rendered /Users/kurtschlueter/.rbenv/versions/2.2.1/lib/ruby/gems/2.2.0/gems/actionpack-4.2.6/lib/action_dispatch/middleware/templates/routes/_table.html.erb (1.0ms)
  Rendered /Users/kurtschlueter/.rbenv/versions/2.2.1/lib/ruby/gems/2.2.0/gems/actionpack-4.2.6/lib/action_dispatch/middleware/templates/rescues/_request_and_response.html.erb (1.2ms)
  Rendered /Users/kurtschlueter/.rbenv/versions/2.2.1/lib/ruby/gems/2.2.0/gems/actionpack-4.2.6/lib/action_dispatch/middleware/templates/rescues/routing_error.html.erb within rescues/layout (70.9ms)
  Rendered /Users/kurtschlueter/.rbenv/versions/2.2.1/lib/ruby/gems/2.2.0/gems/web-console-2.3.0/lib/web_console/templates/_markup.html.erb (0.3ms)
  Rendered /Users/kurtschlueter/.rbenv/versions/2.2.1/lib/ruby/gems/2.2.0/gems/web-console-2.3.0/lib/web_console/templates/_inner_console_markup.html.erb within layouts/inlined_string (0.3ms)
  Rendered /Users/kurtschlueter/.rbenv/versions/2.2.1/lib/ruby/gems/2.2.0/gems/web-console-2.3.0/lib/web_console/templates/_prompt_box_markup.html.erb within layouts/inlined_string (0.3ms)
  Rendered /Users/kurtschlueter/.rbenv/versions/2.2.1/lib/ruby/gems/2.2.0/gems/web-console-2.3.0/lib/web_console/templates/style.css.erb within layouts/inlined_string (0.3ms)
  Rendered /Users/kurtschlueter/.rbenv/versions/2.2.1/lib/ruby/gems/2.2.0/gems/web-console-2.3.0/lib/web_console/templates/console.js.erb within layouts/javascript (48.1ms)
  Rendered /Users/kurtschlueter/.rbenv/versions/2.2.1/lib/ruby/gems/2.2.0/gems/web-console-2.3.0/lib/web_console/templates/main.js.erb within layouts/javascript (0.2ms)
  Rendered /Users/kurtschlueter/.rbenv/versions/2.2.1/lib/ruby/gems/2.2.0/gems/web-console-2.3.0/lib/web_console/templates/error_page.js.erb within layouts/javascript (0.3ms)
  Rendered /Users/kurtschlueter/.rbenv/versions/2.2.1/lib/ruby/gems/2.2.0/gems/web-console-2.3.0/lib/web_console/templates/index.html.erb (107.5ms)


Started GET "/" for ::1 at 2016-05-08 13:23:52 -0500
Processing by PropertiesController#index as HTML
  Rendered properties/index.html.erb within layouts/application (1.2ms)
Completed 200 OK in 2715ms (Views: 9.1ms | ActiveRecord: 0.0ms)


Started GET "/assets/application.self-369dab67b4206a0982b70be86e4f6d2ec80559a3ebd1ac49db879beca29d8e3a.css?body=1" for ::1 at 2016-05-08 13:23:55 -0500


Started GET "/assets/application.self-ce587aab2d58b4d837386735a4d3599b5d2348d1d6ebef238b9df563d491a788.js?body=1" for ::1 at 2016-05-08 13:23:55 -0500


Started GET "/properties/specific?id=47" for ::1 at 2016-05-08 13:23:56 -0500
Processing by PropertiesController#specific as HTML
  Parameters: {"id"=>"47"}
Completed 500 Internal Server Error in 2453ms (ActiveRecord: 0.0ms)

ActionView::MissingTemplate (Missing template properties/specific, application/specific with {:locale=>[:en], :formats=>[:html], :variants=>[], :handlers=>[:erb, :builder, :raw, :ruby, :coffee, :jbuilder]}. Searched in:
  * "/Users/kurtschlueter/Git/post-dbc/buildout-api-challenge/app/views"
):
  actionview (4.2.6) lib/action_view/path_set.rb:46:in `find'
  actionview (4.2.6) lib/action_view/lookup_context.rb:121:in `find'
  actionview (4.2.6) lib/action_view/renderer/abstract_renderer.rb:18:in `find_template'
  actionview (4.2.6) lib/action_view/renderer/template_renderer.rb:40:in `determine_template'
  actionview (4.2.6) lib/action_view/renderer/template_renderer.rb:8:in `render'
  actionview (4.2.6) lib/action_view/renderer/renderer.rb:46:in `render_template'
  actionview (4.2.6) lib/action_view/renderer/renderer.rb:27:in `render'
  actionview (4.2.6) lib/action_view/rendering.rb:100:in `_render_template'
  actionpack (4.2.6) lib/action_controller/metal/streaming.rb:217:in `_render_template'
  actionview (4.2.6) lib/action_view/rendering.rb:83:in `render_to_body'
  actionpack (4.2.6) lib/action_controller/metal/rendering.rb:32:in `render_to_body'
  actionpack (4.2.6) lib/action_controller/metal/renderers.rb:37:in `render_to_body'
  actionpack (4.2.6) lib/abstract_controller/rendering.rb:25:in `render'
  actionpack (4.2.6) lib/action_controller/metal/rendering.rb:16:in `render'
  actionpack (4.2.6) lib/action_controller/metal/instrumentation.rb:44:in `block (2 levels) in render'
  activesupport (4.2.6) lib/active_support/core_ext/benchmark.rb:12:in `block in ms'
  /Users/kurtschlueter/.rbenv/versions/2.2.1/lib/ruby/2.2.0/benchmark.rb:303:in `realtime'
  activesupport (4.2.6) lib/active_support/core_ext/benchmark.rb:12:in `ms'
  actionpack (4.2.6) lib/action_controller/metal/instrumentation.rb:44:in `block in render'
  actionpack (4.2.6) lib/action_controller/metal/instrumentation.rb:87:in `cleanup_view_runtime'
  activerecord (4.2.6) lib/active_record/railties/controller_runtime.rb:25:in `cleanup_view_runtime'
  actionpack (4.2.6) lib/action_controller/metal/instrumentation.rb:43:in `render'
  actionpack (4.2.6) lib/action_controller/metal/implicit_render.rb:10:in `default_render'
  actionpack (4.2.6) lib/action_controller/metal/implicit_render.rb:5:in `send_action'
  actionpack (4.2.6) lib/abstract_controller/base.rb:198:in `process_action'
  actionpack (4.2.6) lib/action_controller/metal/rendering.rb:10:in `process_action'
  actionpack (4.2.6) lib/abstract_controller/callbacks.rb:20:in `block in process_action'
  activesupport (4.2.6) lib/active_support/callbacks.rb:117:in `call'
  activesupport (4.2.6) lib/active_support/callbacks.rb:117:in `call'
  activesupport (4.2.6) lib/active_support/callbacks.rb:555:in `block (2 levels) in compile'
  activesupport (4.2.6) lib/active_support/callbacks.rb:505:in `call'
  activesupport (4.2.6) lib/active_support/callbacks.rb:505:in `call'
  activesupport (4.2.6) lib/active_support/callbacks.rb:92:in `__run_callbacks__'
  activesupport (4.2.6) lib/active_support/callbacks.rb:778:in `_run_process_action_callbacks'
  activesupport (4.2.6) lib/active_support/callbacks.rb:81:in `run_callbacks'
  actionpack (4.2.6) lib/abstract_controller/callbacks.rb:19:in `process_action'
  actionpack (4.2.6) lib/action_controller/metal/rescue.rb:29:in `process_action'
  actionpack (4.2.6) lib/action_controller/metal/instrumentation.rb:32:in `block in process_action'
  activesupport (4.2.6) lib/active_support/notifications.rb:164:in `block in instrument'
  activesupport (4.2.6) lib/active_support/notifications/instrumenter.rb:20:in `instrument'
  activesupport (4.2.6) lib/active_support/notifications.rb:164:in `instrument'
  actionpack (4.2.6) lib/action_controller/metal/instrumentation.rb:30:in `process_action'
  actionpack (4.2.6) lib/action_controller/metal/params_wrapper.rb:250:in `process_action'
  activerecord (4.2.6) lib/active_record/railties/controller_runtime.rb:18:in `process_action'
  actionpack (4.2.6) lib/abstract_controller/base.rb:137:in `process'
  actionview (4.2.6) lib/action_view/rendering.rb:30:in `process'
  actionpack (4.2.6) lib/action_controller/metal.rb:196:in `dispatch'
  actionpack (4.2.6) lib/action_controller/metal/rack_delegation.rb:13:in `dispatch'
  actionpack (4.2.6) lib/action_controller/metal.rb:237:in `block in action'
  actionpack (4.2.6) lib/action_dispatch/routing/route_set.rb:74:in `call'
  actionpack (4.2.6) lib/action_dispatch/routing/route_set.rb:74:in `dispatch'
  actionpack (4.2.6) lib/action_dispatch/routing/route_set.rb:43:in `serve'
  actionpack (4.2.6) lib/action_dispatch/journey/router.rb:43:in `block in serve'
  actionpack (4.2.6) lib/action_dispatch/journey/router.rb:30:in `each'
  actionpack (4.2.6) lib/action_dispatch/journey/router.rb:30:in `serve'
  actionpack (4.2.6) lib/action_dispatch/routing/route_set.rb:817:in `call'
  rack (1.6.4) lib/rack/etag.rb:24:in `call'
  rack (1.6.4) lib/rack/conditionalget.rb:25:in `call'
  rack (1.6.4) lib/rack/head.rb:13:in `call'
  actionpack (4.2.6) lib/action_dispatch/middleware/params_parser.rb:27:in `call'
  actionpack (4.2.6) lib/action_dispatch/middleware/flash.rb:260:in `call'
  rack (1.6.4) lib/rack/session/abstract/id.rb:225:in `context'
  rack (1.6.4) lib/rack/session/abstract/id.rb:220:in `call'
  actionpack (4.2.6) lib/action_dispatch/middleware/cookies.rb:560:in `call'
  activerecord (4.2.6) lib/active_record/query_cache.rb:36:in `call'
  activerecord (4.2.6) lib/active_record/connection_adapters/abstract/connection_pool.rb:653:in `call'
  activerecord (4.2.6) lib/active_record/migration.rb:377:in `call'
  actionpack (4.2.6) lib/action_dispatch/middleware/callbacks.rb:29:in `block in call'
  activesupport (4.2.6) lib/active_support/callbacks.rb:88:in `__run_callbacks__'
  activesupport (4.2.6) lib/active_support/callbacks.rb:778:in `_run_call_callbacks'
  activesupport (4.2.6) lib/active_support/callbacks.rb:81:in `run_callbacks'
  actionpack (4.2.6) lib/action_dispatch/middleware/callbacks.rb:27:in `call'
  actionpack (4.2.6) lib/action_dispatch/middleware/reloader.rb:73:in `call'
  actionpack (4.2.6) lib/action_dispatch/middleware/remote_ip.rb:78:in `call'
  actionpack (4.2.6) lib/action_dispatch/middleware/debug_exceptions.rb:17:in `call'
  web-console (2.3.0) lib/web_console/middleware.rb:28:in `block in call'
  web-console (2.3.0) lib/web_console/middleware.rb:18:in `catch'
  web-console (2.3.0) lib/web_console/middleware.rb:18:in `call'
  actionpack (4.2.6) lib/action_dispatch/middleware/show_exceptions.rb:30:in `call'
  railties (4.2.6) lib/rails/rack/logger.rb:38:in `call_app'
  railties (4.2.6) lib/rails/rack/logger.rb:20:in `block in call'
  activesupport (4.2.6) lib/active_support/tagged_logging.rb:68:in `block in tagged'
  activesupport (4.2.6) lib/active_support/tagged_logging.rb:26:in `tagged'
  activesupport (4.2.6) lib/active_support/tagged_logging.rb:68:in `tagged'
  railties (4.2.6) lib/rails/rack/logger.rb:20:in `call'
  actionpack (4.2.6) lib/action_dispatch/middleware/request_id.rb:21:in `call'
  rack (1.6.4) lib/rack/methodoverride.rb:22:in `call'
  rack (1.6.4) lib/rack/runtime.rb:18:in `call'
  activesupport (4.2.6) lib/active_support/cache/strategy/local_cache_middleware.rb:28:in `call'
  rack (1.6.4) lib/rack/lock.rb:17:in `call'
  actionpack (4.2.6) lib/action_dispatch/middleware/static.rb:120:in `call'
  rack (1.6.4) lib/rack/sendfile.rb:113:in `call'
  railties (4.2.6) lib/rails/engine.rb:518:in `call'
  railties (4.2.6) lib/rails/application.rb:165:in `call'
  rack (1.6.4) lib/rack/lock.rb:17:in `call'
  rack (1.6.4) lib/rack/content_length.rb:15:in `call'
  rack (1.6.4) lib/rack/handler/webrick.rb:88:in `service'
  /Users/kurtschlueter/.rbenv/versions/2.2.1/lib/ruby/2.2.0/webrick/httpserver.rb:138:in `service'
  /Users/kurtschlueter/.rbenv/versions/2.2.1/lib/ruby/2.2.0/webrick/httpserver.rb:94:in `run'
  /Users/kurtschlueter/.rbenv/versions/2.2.1/lib/ruby/2.2.0/webrick/server.rb:294:in `block in start_thread'


  Rendered /Users/kurtschlueter/.rbenv/versions/2.2.1/lib/ruby/gems/2.2.0/gems/actionpack-4.2.6/lib/action_dispatch/middleware/templates/rescues/_source.erb (4.5ms)
  Rendered /Users/kurtschlueter/.rbenv/versions/2.2.1/lib/ruby/gems/2.2.0/gems/actionpack-4.2.6/lib/action_dispatch/middleware/templates/rescues/_trace.html.erb (2.7ms)
  Rendered /Users/kurtschlueter/.rbenv/versions/2.2.1/lib/ruby/gems/2.2.0/gems/actionpack-4.2.6/lib/action_dispatch/middleware/templates/rescues/_request_and_response.html.erb (0.7ms)
  Rendered /Users/kurtschlueter/.rbenv/versions/2.2.1/lib/ruby/gems/2.2.0/gems/actionpack-4.2.6/lib/action_dispatch/middleware/templates/rescues/missing_template.html.erb within rescues/layout (59.3ms)
  Rendered /Users/kurtschlueter/.rbenv/versions/2.2.1/lib/ruby/gems/2.2.0/gems/web-console-2.3.0/lib/web_console/templates/_markup.html.erb (0.3ms)
  Rendered /Users/kurtschlueter/.rbenv/versions/2.2.1/lib/ruby/gems/2.2.0/gems/web-console-2.3.0/lib/web_console/templates/_inner_console_markup.html.erb within layouts/inlined_string (0.4ms)
  Rendered /Users/kurtschlueter/.rbenv/versions/2.2.1/lib/ruby/gems/2.2.0/gems/web-console-2.3.0/lib/web_console/templates/_prompt_box_markup.html.erb within layouts/inlined_string (0.2ms)
  Rendered /Users/kurtschlueter/.rbenv/versions/2.2.1/lib/ruby/gems/2.2.0/gems/web-console-2.3.0/lib/web_console/templates/style.css.erb within layouts/inlined_string (0.6ms)
  Rendered /Users/kurtschlueter/.rbenv/versions/2.2.1/lib/ruby/gems/2.2.0/gems/web-console-2.3.0/lib/web_console/templates/console.js.erb within layouts/javascript (55.7ms)
  Rendered /Users/kurtschlueter/.rbenv/versions/2.2.1/lib/ruby/gems/2.2.0/gems/web-console-2.3.0/lib/web_console/templates/main.js.erb within layouts/javascript (0.3ms)
  Rendered /Users/kurtschlueter/.rbenv/versions/2.2.1/lib/ruby/gems/2.2.0/gems/web-console-2.3.0/lib/web_console/templates/error_page.js.erb within layouts/javascript (0.4ms)
  Rendered /Users/kurtschlueter/.rbenv/versions/2.2.1/lib/ruby/gems/2.2.0/gems/web-console-2.3.0/lib/web_console/templates/index.html.erb (120.4ms)


Started GET "/properties/specific?id=47" for ::1 at 2016-05-08 13:24:54 -0500
Processing by PropertiesController#specific as HTML
  Parameters: {"id"=>"47"}
  Rendered properties/specific.html.erb within layouts/application (1.4ms)
Completed 200 OK in 2483ms (Views: 11.5ms | ActiveRecord: 0.0ms)


Started GET "/assets/application.self-369dab67b4206a0982b70be86e4f6d2ec80559a3ebd1ac49db879beca29d8e3a.css?body=1" for ::1 at 2016-05-08 13:24:56 -0500


Started GET "/assets/application.self-ce587aab2d58b4d837386735a4d3599b5d2348d1d6ebef238b9df563d491a788.js?body=1" for ::1 at 2016-05-08 13:24:56 -0500


Started GET "/" for ::1 at 2016-05-08 13:25:02 -0500
Processing by PropertiesController#index as HTML
  Rendered properties/index.html.erb within layouts/application (0.8ms)
Completed 200 OK in 2491ms (Views: 8.5ms | ActiveRecord: 0.0ms)


Started GET "/properties/specific?id=47" for ::1 at 2016-05-08 13:25:06 -0500
Processing by PropertiesController#specific as HTML
  Parameters: {"id"=>"47"}
  Rendered properties/specific.html.erb within layouts/application (0.2ms)
Completed 200 OK in 2353ms (Views: 8.1ms | ActiveRecord: 0.0ms)


Started GET "/" for ::1 at 2016-05-08 13:31:19 -0500
Processing by PropertiesController#index as HTML
  Rendered properties/index.html.erb within layouts/application (0.9ms)
Completed 200 OK in 2679ms (Views: 34.4ms | ActiveRecord: 0.0ms)


Started GET "/assets/application.self-6af20e1523ac2d359ba3ce3fe475826791dfbd871ce0276bee30adc9b013a54c.css?body=1" for ::1 at 2016-05-08 13:31:22 -0500


Started GET "/assets/application.self-450815308eea05180d96ff344d00fe1365792d1d468453c84961ff651e3bfac8.js?body=1" for ::1 at 2016-05-08 13:31:22 -0500


Started GET "/properties/specific?id=47" for ::1 at 2016-05-08 13:31:24 -0500
Processing by PropertiesController#specific as HTML
  Parameters: {"id"=>"47"}
  Rendered properties/specific.html.erb within layouts/application (0.2ms)
Completed 200 OK in 4554ms (Views: 7.5ms | ActiveRecord: 0.0ms)


Started GET "/properties/specific?id=47" for ::1 at 2016-05-08 13:39:31 -0500
Processing by PropertiesController#specific as HTML
  Parameters: {"id"=>"47"}
  Rendered properties/specific.html.erb within layouts/application (0.3ms)
Completed 200 OK in 2487ms (Views: 9.3ms | ActiveRecord: 0.0ms)


Started GET "/assets/application.self-6af20e1523ac2d359ba3ce3fe475826791dfbd871ce0276bee30adc9b013a54c.css?body=1" for ::1 at 2016-05-08 13:39:34 -0500


Started GET "/assets/application.self-450815308eea05180d96ff344d00fe1365792d1d468453c84961ff651e3bfac8.js?body=1" for ::1 at 2016-05-08 13:39:34 -0500


Started GET "/" for ::1 at 2016-05-08 13:40:09 -0500
Processing by PropertiesController#index as HTML
  Rendered properties/index.html.erb within layouts/application (0.9ms)
Completed 200 OK in 2545ms (Views: 9.4ms | ActiveRecord: 0.0ms)


Started GET "/properties/specific?id=47" for ::1 at 2016-05-08 13:41:15 -0500
Processing by PropertiesController#specific as HTML
  Parameters: {"id"=>"47"}
  Rendered properties/specific.html.erb within layouts/application (0.2ms)
Completed 200 OK in 2430ms (Views: 7.7ms | ActiveRecord: 0.0ms)


Started GET "/" for ::1 at 2016-05-08 13:42:31 -0500
Processing by PropertiesController#index as HTML
  Rendered properties/index.html.erb within layouts/application (0.7ms)
Completed 200 OK in 2654ms (Views: 7.1ms | ActiveRecord: 0.0ms)


Started GET "/properties/specific?id=49" for ::1 at 2016-05-08 13:42:37 -0500
Processing by PropertiesController#specific as HTML
  Parameters: {"id"=>"49"}
  Rendered properties/specific.html.erb within layouts/application (0.1ms)
Completed 200 OK in 2893ms (Views: 7.2ms | ActiveRecord: 0.0ms)


Started GET "/properties/specific?id=49" for ::1 at 2016-05-08 13:44:35 -0500
Processing by PropertiesController#specific as HTML
  Parameters: {"id"=>"49"}
  Rendered properties/specific.html.erb within layouts/application (0.9ms)
Completed 200 OK in 2588ms (Views: 23.5ms | ActiveRecord: 0.0ms)


Started GET "/assets/application.self-fb592a4fbb1d5420f577baf13b4ca28878a25d7e499b89a22a87ae1b8099c19d.css?body=1" for ::1 at 2016-05-08 13:44:38 -0500


Started GET "/assets/application.self-450815308eea05180d96ff344d00fe1365792d1d468453c84961ff651e3bfac8.js?body=1" for ::1 at 2016-05-08 13:44:38 -0500


Started GET "/properties/specific?id=49" for ::1 at 2016-05-08 13:50:55 -0500
Processing by PropertiesController#specific as HTML
  Parameters: {"id"=>"49"}
  Rendered properties/specific.html.erb within layouts/application (0.2ms)
Completed 200 OK in 2627ms (Views: 23.2ms | ActiveRecord: 0.0ms)


Started GET "/assets/application.self-2ff15d2b3c2efb8c0d8d31d0910db81b1fd9610cd9dd219be518a7f7643870d9.css?body=1" for ::1 at 2016-05-08 13:50:58 -0500


Started GET "/assets/application.self-450815308eea05180d96ff344d00fe1365792d1d468453c84961ff651e3bfac8.js?body=1" for ::1 at 2016-05-08 13:50:58 -0500


Started GET "/properties/specific?id=49" for ::1 at 2016-05-08 13:52:29 -0500
Processing by PropertiesController#specific as HTML
  Parameters: {"id"=>"49"}
  Rendered properties/specific.html.erb within layouts/application (1.5ms)
Completed 200 OK in 2541ms (Views: 28.3ms | ActiveRecord: 0.0ms)


Started GET "/assets/application.self-450815308eea05180d96ff344d00fe1365792d1d468453c84961ff651e3bfac8.js?body=1" for ::1 at 2016-05-08 13:52:32 -0500


Started GET "/assets/application.self-e128b2f965a5fae1037593a22ce6614088d509b1691743eb07b9e1b8c3c608a1.css?body=1" for ::1 at 2016-05-08 13:52:32 -0500


Started GET "/properties/specific?id=49" for ::1 at 2016-05-08 13:53:14 -0500
Processing by PropertiesController#specific as HTML
  Parameters: {"id"=>"49"}
  Rendered properties/specific.html.erb within layouts/application (0.1ms)
Completed 200 OK in 2841ms (Views: 13.4ms | ActiveRecord: 0.0ms)


Started GET "/assets/application.self-c2d0c7cb0deab1a92c6db48dec4bcb1501d01cb00e24eab5757a35a17c0f8696.css?body=1" for ::1 at 2016-05-08 13:53:17 -0500


Started GET "/assets/application.self-450815308eea05180d96ff344d00fe1365792d1d468453c84961ff651e3bfac8.js?body=1" for ::1 at 2016-05-08 13:53:17 -0500


Started GET "/properties/specific?id=49" for ::1 at 2016-05-08 13:53:40 -0500
Processing by PropertiesController#specific as HTML
  Parameters: {"id"=>"49"}
  Rendered properties/specific.html.erb within layouts/application (0.1ms)
Completed 200 OK in 2595ms (Views: 22.5ms | ActiveRecord: 0.0ms)


Started GET "/assets/application.self-450815308eea05180d96ff344d00fe1365792d1d468453c84961ff651e3bfac8.js?body=1" for ::1 at 2016-05-08 13:53:43 -0500


Started GET "/assets/application.self-053a47417237ded81c6ef937b09fb029fb605abd1f547b563413f2620b1b5bde.css?body=1" for ::1 at 2016-05-08 13:53:43 -0500


Started GET "/properties/specific?id=49" for ::1 at 2016-05-08 13:54:36 -0500
Processing by PropertiesController#specific as HTML
  Parameters: {"id"=>"49"}
  Rendered properties/specific.html.erb within layouts/application (0.1ms)
Completed 200 OK in 2493ms (Views: 23.5ms | ActiveRecord: 0.0ms)


Started GET "/assets/application.self-268ae36d9e91a121b04275a1c027f28e34a60c74ddc4e30a64edc24695f913ca.css?body=1" for ::1 at 2016-05-08 13:54:39 -0500


Started GET "/assets/application.self-450815308eea05180d96ff344d00fe1365792d1d468453c84961ff651e3bfac8.js?body=1" for ::1 at 2016-05-08 13:54:39 -0500


Started GET "/" for ::1 at 2016-05-08 13:54:58 -0500
Processing by PropertiesController#index as HTML
  Rendered properties/index.html.erb within layouts/application (0.9ms)
Completed 200 OK in 2427ms (Views: 8.8ms | ActiveRecord: 0.0ms)


Started GET "/properties/specific?id=53939" for ::1 at 2016-05-08 13:55:50 -0500
Processing by PropertiesController#specific as HTML
  Parameters: {"id"=>"53939"}
  Rendered properties/specific.html.erb within layouts/application (0.1ms)
Completed 200 OK in 2425ms (Views: 7.3ms | ActiveRecord: 0.0ms)


Started GET "/properties/specific?id=53940" for ::1 at 2016-05-08 13:56:07 -0500
Processing by PropertiesController#specific as HTML
  Parameters: {"id"=>"53940"}
  Rendered properties/specific.html.erb within layouts/application (0.2ms)
Completed 200 OK in 2542ms (Views: 8.5ms | ActiveRecord: 0.0ms)


Started GET "/" for ::1 at 2016-05-08 13:56:34 -0500
Processing by PropertiesController#index as HTML
  Rendered properties/index.html.erb within layouts/application (0.7ms)
Completed 200 OK in 2723ms (Views: 7.3ms | ActiveRecord: 0.0ms)


Started GET "/properties/specific?id=49" for ::1 at 2016-05-08 13:56:51 -0500
Processing by PropertiesController#specific as HTML
  Parameters: {"id"=>"49"}
  Rendered properties/specific.html.erb within layouts/application (0.5ms)
Completed 200 OK in 2566ms (Views: 6.4ms | ActiveRecord: 0.0ms)


Started GET "/properties/specific?id=49" for ::1 at 2016-05-08 14:03:19 -0500
Processing by PropertiesController#specific as HTML
  Parameters: {"id"=>"49"}
  Rendered properties/specific.html.erb within layouts/application (0.1ms)
Completed 200 OK in 2482ms (Views: 7.1ms | ActiveRecord: 0.0ms)


Started GET "/" for ::1 at 2016-05-08 14:03:32 -0500
Processing by PropertiesController#index as HTML
  Rendered properties/index.html.erb within layouts/application (0.7ms)
Completed 200 OK in 2463ms (Views: 14.3ms | ActiveRecord: 0.0ms)


Started GET "/properties/specific?id=53935" for ::1 at 2016-05-08 14:04:16 -0500
Processing by PropertiesController#specific as HTML
  Parameters: {"id"=>"53935"}
  Rendered properties/specific.html.erb within layouts/application (0.2ms)
Completed 200 OK in 2572ms (Views: 6.5ms | ActiveRecord: 0.0ms)


Started GET "/" for ::1 at 2016-05-08 14:05:42 -0500
Processing by PropertiesController#index as HTML
  Rendered properties/index.html.erb within layouts/application (0.9ms)
Completed 200 OK in 2596ms (Views: 7.3ms | ActiveRecord: 0.0ms)


Started GET "/properties/specific?id=53937" for ::1 at 2016-05-08 14:08:18 -0500
Processing by PropertiesController#specific as HTML
  Parameters: {"id"=>"53937"}
  Rendered properties/specific.html.erb within layouts/application (0.2ms)
Completed 200 OK in 2619ms (Views: 6.7ms | ActiveRecord: 0.0ms)


Started GET "/properties/specific?id=53937" for ::1 at 2016-05-08 14:08:21 -0500
Processing by PropertiesController#specific as HTML
  Parameters: {"id"=>"53937"}
  Rendered properties/specific.html.erb within layouts/application (0.2ms)
Completed 200 OK in 2643ms (Views: 7.7ms | ActiveRecord: 0.0ms)


Started GET "/" for ::1 at 2016-05-08 14:09:16 -0500
Processing by PropertiesController#index as HTML
  Rendered properties/index.html.erb within layouts/application (1.5ms)
Completed 200 OK in 2471ms (Views: 12.2ms | ActiveRecord: 0.0ms)


Started GET "/" for ::1 at 2016-05-08 14:09:57 -0500
Processing by PropertiesController#index as HTML
  Rendered properties/index.html.erb within layouts/application (1.1ms)
Completed 200 OK in 2843ms (Views: 10.9ms | ActiveRecord: 0.0ms)


Started GET "/assets/application.self-450815308eea05180d96ff344d00fe1365792d1d468453c84961ff651e3bfac8.js?body=1" for ::1 at 2016-05-08 14:10:00 -0500


Started GET "/assets/application.self-268ae36d9e91a121b04275a1c027f28e34a60c74ddc4e30a64edc24695f913ca.css?body=1" for ::1 at 2016-05-08 14:10:00 -0500


Started GET "/" for ::1 at 2016-05-08 14:24:32 -0500
Processing by PropertiesController#index as HTML
  Rendered properties/index.html.erb within layouts/application (7.7ms)
Completed 500 Internal Server Error in 330ms (ActiveRecord: 0.0ms)

ActionView::Template::Error (undefined method `each' for nil:NilClass):
    1: <% @properties.each do |property| %>
    2:   <div class="grid-sizer"></div>
    3:   <div class="individual-prop grid-item">
    4:     <h2> <%= link_to property["sale_title"], "properties/specific?id=" + property['id'].to_s %></h2>
  app/views/properties/index.html.erb:1:in `_app_views_properties_index_html_erb__1230349974877407253_70283616551100'


  Rendered /Users/kurtschlueter/.rbenv/versions/2.2.1/lib/ruby/gems/2.2.0/gems/actionpack-4.2.6/lib/action_dispatch/middleware/templates/rescues/_source.erb (6.7ms)
  Rendered /Users/kurtschlueter/.rbenv/versions/2.2.1/lib/ruby/gems/2.2.0/gems/actionpack-4.2.6/lib/action_dispatch/middleware/templates/rescues/_trace.html.erb (2.4ms)
  Rendered /Users/kurtschlueter/.rbenv/versions/2.2.1/lib/ruby/gems/2.2.0/gems/actionpack-4.2.6/lib/action_dispatch/middleware/templates/rescues/_request_and_response.html.erb (1.0ms)
  Rendered /Users/kurtschlueter/.rbenv/versions/2.2.1/lib/ruby/gems/2.2.0/gems/actionpack-4.2.6/lib/action_dispatch/middleware/templates/rescues/template_error.html.erb within rescues/layout (62.5ms)
  Rendered /Users/kurtschlueter/.rbenv/versions/2.2.1/lib/ruby/gems/2.2.0/gems/web-console-2.3.0/lib/web_console/templates/_markup.html.erb (0.6ms)
  Rendered /Users/kurtschlueter/.rbenv/versions/2.2.1/lib/ruby/gems/2.2.0/gems/web-console-2.3.0/lib/web_console/templates/_inner_console_markup.html.erb within layouts/inlined_string (0.5ms)
  Rendered /Users/kurtschlueter/.rbenv/versions/2.2.1/lib/ruby/gems/2.2.0/gems/web-console-2.3.0/lib/web_console/templates/_prompt_box_markup.html.erb within layouts/inlined_string (0.3ms)
  Rendered /Users/kurtschlueter/.rbenv/versions/2.2.1/lib/ruby/gems/2.2.0/gems/web-console-2.3.0/lib/web_console/templates/style.css.erb within layouts/inlined_string (0.3ms)
  Rendered /Users/kurtschlueter/.rbenv/versions/2.2.1/lib/ruby/gems/2.2.0/gems/web-console-2.3.0/lib/web_console/templates/console.js.erb within layouts/javascript (63.2ms)
  Rendered /Users/kurtschlueter/.rbenv/versions/2.2.1/lib/ruby/gems/2.2.0/gems/web-console-2.3.0/lib/web_console/templates/main.js.erb within layouts/javascript (0.2ms)
  Rendered /Users/kurtschlueter/.rbenv/versions/2.2.1/lib/ruby/gems/2.2.0/gems/web-console-2.3.0/lib/web_console/templates/error_page.js.erb within layouts/javascript (0.6ms)
  Rendered /Users/kurtschlueter/.rbenv/versions/2.2.1/lib/ruby/gems/2.2.0/gems/web-console-2.3.0/lib/web_console/templates/index.html.erb (132.5ms)
